

Processing ApplicationController#index (for 127.0.0.1 at 2009-03-09 21:09:50) [GET]


SyntaxError (/Users/petevilter/Desktop/simplerailsblog/app/controllers/posts_controller.rb:50: syntax error, unexpected tLSHFT
<<<<<<< HEAD:app/controllers/posts_controller.rb
  ^
/Users/petevilter/Desktop/simplerailsblog/app/controllers/posts_controller.rb:53: syntax error, unexpected tEQQ
=======
   ^
/Users/petevilter/Desktop/simplerailsblog/app/controllers/posts_controller.rb:55: syntax error, unexpected tRSHFT
>>>>>>> origin/eventstream:app/controllers/posts_controller.rb
  ^
/Users/petevilter/Desktop/simplerailsblog/app/controllers/posts_controller.rb:55: syntax error, unexpected tSYMBEG, expecting kDO or '{' or '('
>>>>>>> origin/eventstream:app/controllers/posts_controller.rb
                           ^
/Users/petevilter/Desktop/simplerailsblog/app/controllers/posts_controller.rb:95: syntax error, unexpected $end, expecting kEND):
    /Users/petevilter/.gem/ruby/1.8/gems/activesupport-2.2.2/lib/active_support/dependencies.rb:382:in `load_without_new_constant_marking'
    /Users/petevilter/.gem/ruby/1.8/gems/activesupport-2.2.2/lib/active_support/dependencies.rb:382:in `load_file'
    /Users/petevilter/.gem/ruby/1.8/gems/activesupport-2.2.2/lib/active_support/dependencies.rb:521:in `new_constants_in'
    /Users/petevilter/.gem/ruby/1.8/gems/activesupport-2.2.2/lib/active_support/dependencies.rb:381:in `load_file'
    /Users/petevilter/.gem/ruby/1.8/gems/activesupport-2.2.2/lib/active_support/dependencies.rb:256:in `require_or_load'
    /Users/petevilter/.gem/ruby/1.8/gems/activesupport-2.2.2/lib/active_support/dependencies.rb:427:in `load_missing_constant'
    /Users/petevilter/.gem/ruby/1.8/gems/activesupport-2.2.2/lib/active_support/dependencies.rb:77:in `const_missing'
    /Users/petevilter/.gem/ruby/1.8/gems/activesupport-2.2.2/lib/active_support/dependencies.rb:89:in `const_missing'
    /Users/petevilter/.gem/ruby/1.8/gems/activesupport-2.2.2/lib/active_support/inflector.rb:352:in `constantize'
    /Users/petevilter/.gem/ruby/1.8/gems/activesupport-2.2.2/lib/active_support/inflector.rb:351:in `each'
    /Users/petevilter/.gem/ruby/1.8/gems/activesupport-2.2.2/lib/active_support/inflector.rb:351:in `constantize'
    /Users/petevilter/.gem/ruby/1.8/gems/activesupport-2.2.2/lib/active_support/core_ext/string/inflections.rb:162:in `constantize'
    /Users/petevilter/.gem/ruby/1.8/gems/actionpack-2.2.2/lib/action_controller/routing/route_set.rb:388:in `recognize'
    /Users/petevilter/.gem/ruby/1.8/gems/actionpack-2.2.2/lib/action_controller/dispatcher.rb:182:in `handle_request'
    /Users/petevilter/.gem/ruby/1.8/gems/actionpack-2.2.2/lib/action_controller/dispatcher.rb:110:in `dispatch_unlocked'
    /Users/petevilter/.gem/ruby/1.8/gems/actionpack-2.2.2/lib/action_controller/dispatcher.rb:123:in `dispatch'
    /Users/petevilter/.gem/ruby/1.8/gems/actionpack-2.2.2/lib/action_controller/dispatcher.rb:122:in `synchronize'
    /Users/petevilter/.gem/ruby/1.8/gems/actionpack-2.2.2/lib/action_controller/dispatcher.rb:122:in `dispatch'
    /Users/petevilter/.gem/ruby/1.8/gems/actionpack-2.2.2/lib/action_controller/dispatcher.rb:132:in `dispatch_cgi'
    /Users/petevilter/.gem/ruby/1.8/gems/actionpack-2.2.2/lib/action_controller/dispatcher.rb:39:in `dispatch'
    /usr/local/lib/ruby/gems/1.8/gems/mongrel-1.0.1/lib/mongrel/rails.rb:78:in `process'
    /usr/local/lib/ruby/gems/1.8/gems/mongrel-1.0.1/lib/mongrel/rails.rb:76:in `synchronize'
    /usr/local/lib/ruby/gems/1.8/gems/mongrel-1.0.1/lib/mongrel/rails.rb:76:in `process'
    /usr/local/lib/ruby/gems/1.8/gems/mongrel-1.0.1/lib/mongrel.rb:618:in `process_client'
    /usr/local/lib/ruby/gems/1.8/gems/mongrel-1.0.1/lib/mongrel.rb:617:in `each'
    /usr/local/lib/ruby/gems/1.8/gems/mongrel-1.0.1/lib/mongrel.rb:617:in `process_client'
    /usr/local/lib/ruby/gems/1.8/gems/mongrel-1.0.1/lib/mongrel.rb:736:in `run'
    /usr/local/lib/ruby/gems/1.8/gems/mongrel-1.0.1/lib/mongrel.rb:736:in `initialize'
    /usr/local/lib/ruby/gems/1.8/gems/mongrel-1.0.1/lib/mongrel.rb:736:in `new'
    /usr/local/lib/ruby/gems/1.8/gems/mongrel-1.0.1/lib/mongrel.rb:736:in `run'
    /usr/local/lib/ruby/gems/1.8/gems/mongrel-1.0.1/lib/mongrel.rb:720:in `initialize'
    /usr/local/lib/ruby/gems/1.8/gems/mongrel-1.0.1/lib/mongrel.rb:720:in `new'
    /usr/local/lib/ruby/gems/1.8/gems/mongrel-1.0.1/lib/mongrel.rb:720:in `run'
    /usr/local/lib/ruby/gems/1.8/gems/mongrel-1.0.1/lib/mongrel/configurator.rb:271:in `run'
    /usr/local/lib/ruby/gems/1.8/gems/mongrel-1.0.1/lib/mongrel/configurator.rb:270:in `each'
    /usr/local/lib/ruby/gems/1.8/gems/mongrel-1.0.1/lib/mongrel/configurator.rb:270:in `run'
    /usr/local/lib/ruby/gems/1.8/gems/mongrel-1.0.1/bin/mongrel_rails:127:in `run'
    /usr/local/lib/ruby/gems/1.8/gems/mongrel-1.0.1/lib/mongrel/command.rb:211:in `run'
    /usr/local/lib/ruby/gems/1.8/gems/mongrel-1.0.1/bin/mongrel_rails:243
    /Users/petevilter/.gem/ruby/1.8/gems/activesupport-2.2.2/lib/active_support/dependencies.rb:142:in `load_without_new_constant_marking'
    /Users/petevilter/.gem/ruby/1.8/gems/activesupport-2.2.2/lib/active_support/dependencies.rb:142:in `load'
    /Users/petevilter/.gem/ruby/1.8/gems/activesupport-2.2.2/lib/active_support/dependencies.rb:521:in `new_constants_in'
    /Users/petevilter/.gem/ruby/1.8/gems/activesupport-2.2.2/lib/active_support/dependencies.rb:142:in `load'
    /usr/local/lib/ruby/gems/1.8/gems/rails-2.2.2/lib/commands/servers/mongrel.rb:64
    /usr/local/lib/ruby/site_ruby/1.8/rubygems/custom_require.rb:31:in `gem_original_require'
    /usr/local/lib/ruby/site_ruby/1.8/rubygems/custom_require.rb:31:in `require'
    /Users/petevilter/.gem/ruby/1.8/gems/activesupport-2.2.2/lib/active_support/dependencies.rb:153:in `require'
    /Users/petevilter/.gem/ruby/1.8/gems/activesupport-2.2.2/lib/active_support/dependencies.rb:521:in `new_constants_in'
    /Users/petevilter/.gem/ruby/1.8/gems/activesupport-2.2.2/lib/active_support/dependencies.rb:153:in `require'
    /usr/local/lib/ruby/gems/1.8/gems/rails-2.2.2/lib/commands/server.rb:49
    /usr/local/lib/ruby/site_ruby/1.8/rubygems/custom_require.rb:31:in `gem_original_require'
    /usr/local/lib/ruby/site_ruby/1.8/rubygems/custom_require.rb:31:in `require'
    script/server:3

Rendered /Users/petevilter/.gem/ruby/1.8/gems/actionpack-2.2.2/lib/action_controller/templates/rescues/_trace (38.9ms)
Rendered /Users/petevilter/.gem/ruby/1.8/gems/actionpack-2.2.2/lib/action_controller/templates/rescues/_request_and_response (1.3ms)
Rendering /Users/petevilter/.gem/ruby/1.8/gems/actionpack-2.2.2/lib/action_controller/templates/rescues/layout.erb (internal_server_error)


Processing PostsController#index (for 127.0.0.1 at 2009-03-09 21:10:25) [GET]
  [4;36;1mPost Load (10.0ms)[0m   [0;1mSELECT * FROM "posts" [0m
Rendering template within layouts/application
Rendering posts/index
  [4;35;1mUser Load (0.6ms)[0m   [0mSELECT * FROM "users" WHERE ("users"."id" = 1) [0m
  [4;36;1mComment Load (0.8ms)[0m   [0;1mSELECT * FROM "comments" WHERE ("comments".post_id = 29) [0m
Rendered posts/_post (195.4ms)
  [4;35;1mUser Load (0.7ms)[0m   [0mSELECT * FROM "users" WHERE ("users"."id" = 8) [0m
  [4;36;1mComment Load (0.5ms)[0m   [0;1mSELECT * FROM "comments" WHERE ("comments".post_id = 28) [0m
Rendered posts/_post (4.5ms)
  [4;35;1mUser Load (0.6ms)[0m   [0mSELECT * FROM "users" WHERE ("users"."id" = 3) [0m
  [4;36;1mComment Load (0.6ms)[0m   [0;1mSELECT * FROM "comments" WHERE ("comments".post_id = 27) [0m
Rendered posts/_post (4.2ms)
  [4;35;1mUser Load (0.6ms)[0m   [0mSELECT * FROM "users" WHERE ("users"."id" = 2) [0m
  [4;36;1mComment Load (0.4ms)[0m   [0;1mSELECT * FROM "comments" WHERE ("comments".post_id = 25) [0m
Rendered posts/_post (4.0ms)
  [4;35;1mCACHE (0.0ms)[0m   [0mSELECT * FROM "users" WHERE ("users"."id" = 1) [0m
  [4;36;1mComment Load (0.6ms)[0m   [0;1mSELECT * FROM "comments" WHERE ("comments".post_id = 24) [0m
Rendered posts/_post (3.5ms)
  [4;35;1mCACHE (0.0ms)[0m   [0mSELECT * FROM "users" WHERE ("users"."id" = 1) [0m
  [4;36;1mComment Load (0.5ms)[0m   [0;1mSELECT * FROM "comments" WHERE ("comments".post_id = 23) [0m
Rendered posts/_post (3.3ms)
  [4;35;1mUser Load (0.6ms)[0m   [0mSELECT * FROM "users" WHERE ("users"."remember_token" = '820558336a47adccd77d840aeb17bfcd007510eb') LIMIT 1[0m
Cookie set: auth_token=820558336a47adccd77d840aeb17bfcd007510eb; path=/; expires=Fri, 20 Mar 2009 01:03:03 GMT
Completed in 247ms (View: 221, DB: 16) | 200 OK [http://localhost/]


Processing PostsController#show (for 127.0.0.1 at 2009-03-09 21:10:31) [GET]
  Parameters: {"id"=>"yeah"}
  [4;36;1mPost Load (0.6ms)[0m   [0;1mSELECT * FROM "posts" WHERE ("posts"."permalink" = 'yeah') LIMIT 1[0m
Rendering template within layouts/application
Rendering posts/show
  [4;35;1mUser Load (0.5ms)[0m   [0mSELECT * FROM "users" WHERE ("users"."id" = 1) [0m
  [4;36;1mComment Load (0.7ms)[0m   [0;1mSELECT * FROM "comments" WHERE ("comments".post_id = 29) [0m
Rendered posts/_post (40.5ms)
  [4;35;1mEvent Load (1.5ms)[0m   [0mSELECT * FROM "events" WHERE ("events".item_id = 29 AND ("events"."item_class" = 'Post' AND "events"."action" = 'update')) [0m
  [4;36;1mCACHE (0.0ms)[0m   [0;1mSELECT * FROM "users" WHERE ("users"."id" = 1) [0m
Rendered posts/_edit (350.9ms)
  [4;35;1mCACHE (0.0ms)[0m   [0mSELECT * FROM "users" WHERE ("users"."id" = 1) [0m
Rendered posts/_edit (249.7ms)
  [4;36;1mCACHE (0.0ms)[0m   [0;1mSELECT * FROM "users" WHERE ("users"."id" = 1) [0m
Rendered posts/_edit (549.9ms)
  [4;35;1mCACHE (0.0ms)[0m   [0mSELECT * FROM "users" WHERE ("users"."id" = 1) [0m
Rendered posts/_edit (388.2ms)
  [4;36;1mCACHE (0.0ms)[0m   [0;1mSELECT * FROM "users" WHERE ("users"."id" = 1) [0m
Rendered posts/_comment (8.5ms)
  [4;35;1mCACHE (0.0ms)[0m   [0mSELECT * FROM "users" WHERE ("users"."id" = 1) [0m
Rendered posts/_edit (308.4ms)
  [4;36;1mCACHE (0.0ms)[0m   [0;1mSELECT * FROM "users" WHERE ("users"."id" = 1) [0m
Rendered posts/_edit (318.2ms)
  [4;35;1mUser Load (0.7ms)[0m   [0mSELECT * FROM "users" WHERE ("users"."id" = 1) LIMIT 1[0m
Completed in 2272ms (View: 2255, DB: 4) | 200 OK [http://localhost/posts/yeah]


Processing CommentsController#create (for 127.0.0.1 at 2009-03-09 21:13:17) [POST]
  Parameters: {"commit"=>"Speak", "post_id"=>"yeah", "authenticity_token"=>"65df8e8e06a71c79a1562d40d3ea42049e9a69a6", "comment"=>{"body"=>"Oog. Each one only takes about .3 seconds, so generating them on save would be okay. The only question is how: a new column in the events table? A generalized info column with some YAML that keeps other attributes as well so it doesn't have to hit the db for every event?"}}
  [4;36;1mPost Load (0.5ms)[0m   [0;1mSELECT * FROM "posts" WHERE ("posts"."permalink" = 'yeah') LIMIT 1[0m
  [4;35;1mUser Load (0.7ms)[0m   [0mSELECT * FROM "users" WHERE ("users"."id" = 1) LIMIT 1[0m
  [4;36;1mComment Create (0.7ms)[0m   [0;1mINSERT INTO "comments" ("updated_at", "body", "post_id", "user_id", "created_at") VALUES('2009-03-10 01:13:17', 'Oog. Each one only takes about .3 seconds, so generating them on save would be okay. The only question is how: a new column in the events table? A generalized info column with some YAML that keeps other attributes as well so it doesn''t have to hit the db for every event?', 29, 1, '2009-03-10 01:13:17')[0m
  [4;35;1mEvent Create (0.7ms)[0m   [0mINSERT INTO "events" ("item_id", "item_class", "action", "changes", "user_id", "created_at") VALUES(24, 'Comment', 'create', '--- 
body: 
- 
- "Oog. Each one only takes about .3 seconds, so generating them on save would be okay. The only question is how: a new column in the events table? A generalized info column with some YAML that keeps other attributes as well so it doesn''t have to hit the db for every event?"
post_id: 
- 
- 29
user_id: 
- 
- 1
', 1, '2009-03-10 01:13:17')[0m
Redirected to #<Post:0x2f8c8dc>
Completed in 64ms (DB: 3) | 302 Found [http://localhost/posts/yeah/comments]


Processing PostsController#show (for 127.0.0.1 at 2009-03-09 21:13:17) [GET]
  Parameters: {"id"=>"yeah"}
  [4;36;1mPost Load (0.5ms)[0m   [0;1mSELECT * FROM "posts" WHERE ("posts"."permalink" = 'yeah') LIMIT 1[0m
Rendering template within layouts/application
Rendering posts/show
  [4;35;1mUser Load (0.7ms)[0m   [0mSELECT * FROM "users" WHERE ("users"."id" = 1) [0m
  [4;36;1mComment Load (0.7ms)[0m   [0;1mSELECT * FROM "comments" WHERE ("comments".post_id = 29) [0m
Rendered posts/_post (37.6ms)
  [4;35;1mEvent Load (1.6ms)[0m   [0mSELECT * FROM "events" WHERE ("events".item_id = 29 AND ("events"."item_class" = 'Post' AND "events"."action" = 'update')) [0m
  [4;36;1mCACHE (0.0ms)[0m   [0;1mSELECT * FROM "users" WHERE ("users"."id" = 1) [0m
Rendered posts/_edit (357.9ms)
  [4;35;1mCACHE (0.0ms)[0m   [0mSELECT * FROM "users" WHERE ("users"."id" = 1) [0m
Rendered posts/_edit (445.4ms)
  [4;36;1mCACHE (0.0ms)[0m   [0;1mSELECT * FROM "users" WHERE ("users"."id" = 1) [0m
Rendered posts/_edit (388.0ms)
  [4;35;1mCACHE (0.0ms)[0m   [0mSELECT * FROM "users" WHERE ("users"."id" = 1) [0m
Rendered posts/_edit (562.9ms)
  [4;36;1mCACHE (0.0ms)[0m   [0;1mSELECT * FROM "users" WHERE ("users"."id" = 1) [0m
Rendered posts/_comment (2.1ms)
  [4;35;1mCACHE (0.0ms)[0m   [0mSELECT * FROM "users" WHERE ("users"."id" = 1) [0m
Rendered posts/_edit (177.8ms)
  [4;36;1mCACHE (0.0ms)[0m   [0;1mSELECT * FROM "users" WHERE ("users"."id" = 1) [0m
Rendered posts/_edit (329.6ms)
  [4;35;1mCACHE (0.0ms)[0m   [0mSELECT * FROM "users" WHERE ("users"."id" = 1) [0m
Rendered posts/_comment (3.2ms)
  [4;36;1mUser Load (0.7ms)[0m   [0;1mSELECT * FROM "users" WHERE ("users"."id" = 1) LIMIT 1[0m
Completed in 2391ms (View: 2372, DB: 4) | 200 OK [http://localhost/posts/yeah]
  [4;36;1mSQL (1.4ms)[0m   [0;1m SELECT name
 FROM sqlite_master
 WHERE type = 'table' AND NOT name = 'sqlite_sequence'
[0m
